<?xml version="1.0" encoding="UTF-8"?>
<testsuite name="org.springframework.core.io.ResourceTests" tests="49" skipped="0" failures="0" errors="0" timestamp="2022-10-24T19:45:14" hostname="DESKTOP-BJO6DTA" time="0.365">
  <properties/>
  <testcase name="1: ClassPathResource" classname="org.springframework.core.io.ResourceTests" time="0.131"/>
  <testcase name="2: ClassPathResource with ClassLoader" classname="org.springframework.core.io.ResourceTests" time="0.001"/>
  <testcase name="3: ClassPathResource with Class" classname="org.springframework.core.io.ResourceTests" time="0.001"/>
  <testcase name="4: FileSystemResource" classname="org.springframework.core.io.ResourceTests" time="0.001"/>
  <testcase name="5: FileSystemResource with File" classname="org.springframework.core.io.ResourceTests" time="0.001"/>
  <testcase name="6: FileSystemResource with File path" classname="org.springframework.core.io.ResourceTests" time="0.007"/>
  <testcase name="7: UrlResource" classname="org.springframework.core.io.ResourceTests" time="0.002"/>
  <testcase name="1: ClassPathResource" classname="org.springframework.core.io.ResourceTests" time="0.011"/>
  <testcase name="2: ClassPathResource with ClassLoader" classname="org.springframework.core.io.ResourceTests" time="0.002"/>
  <testcase name="3: ClassPathResource with Class" classname="org.springframework.core.io.ResourceTests" time="0.002"/>
  <testcase name="4: FileSystemResource" classname="org.springframework.core.io.ResourceTests" time="0.001"/>
  <testcase name="5: FileSystemResource with File" classname="org.springframework.core.io.ResourceTests" time="0.001"/>
  <testcase name="6: FileSystemResource with File path" classname="org.springframework.core.io.ResourceTests" time="0.002"/>
  <testcase name="7: UrlResource" classname="org.springframework.core.io.ResourceTests" time="0.026"/>
  <testcase name="1: ClassPathResource" classname="org.springframework.core.io.ResourceTests" time="0.002"/>
  <testcase name="2: ClassPathResource with ClassLoader" classname="org.springframework.core.io.ResourceTests" time="0.001"/>
  <testcase name="3: ClassPathResource with Class" classname="org.springframework.core.io.ResourceTests" time="0.001"/>
  <testcase name="4: FileSystemResource" classname="org.springframework.core.io.ResourceTests" time="0.005"/>
  <testcase name="5: FileSystemResource with File" classname="org.springframework.core.io.ResourceTests" time="0.008"/>
  <testcase name="6: FileSystemResource with File path" classname="org.springframework.core.io.ResourceTests" time="0.001"/>
  <testcase name="7: UrlResource" classname="org.springframework.core.io.ResourceTests" time="0.001"/>
  <testcase name="1: ClassPathResource" classname="org.springframework.core.io.ResourceTests" time="0.001"/>
  <testcase name="2: ClassPathResource with ClassLoader" classname="org.springframework.core.io.ResourceTests" time="0.001"/>
  <testcase name="3: ClassPathResource with Class" classname="org.springframework.core.io.ResourceTests" time="0.001"/>
  <testcase name="4: FileSystemResource" classname="org.springframework.core.io.ResourceTests" time="0.001"/>
  <testcase name="5: FileSystemResource with File" classname="org.springframework.core.io.ResourceTests" time="0.0"/>
  <testcase name="6: FileSystemResource with File path" classname="org.springframework.core.io.ResourceTests" time="0.001"/>
  <testcase name="7: UrlResource" classname="org.springframework.core.io.ResourceTests" time="0.004"/>
  <testcase name="1: ClassPathResource" classname="org.springframework.core.io.ResourceTests" time="0.002"/>
  <testcase name="2: ClassPathResource with ClassLoader" classname="org.springframework.core.io.ResourceTests" time="0.002"/>
  <testcase name="3: ClassPathResource with Class" classname="org.springframework.core.io.ResourceTests" time="0.003"/>
  <testcase name="4: FileSystemResource" classname="org.springframework.core.io.ResourceTests" time="0.001"/>
  <testcase name="5: FileSystemResource with File" classname="org.springframework.core.io.ResourceTests" time="0.002"/>
  <testcase name="6: FileSystemResource with File path" classname="org.springframework.core.io.ResourceTests" time="0.001"/>
  <testcase name="7: UrlResource" classname="org.springframework.core.io.ResourceTests" time="0.006"/>
  <testcase name="1: ClassPathResource" classname="org.springframework.core.io.ResourceTests" time="0.005"/>
  <testcase name="2: ClassPathResource with ClassLoader" classname="org.springframework.core.io.ResourceTests" time="0.001"/>
  <testcase name="3: ClassPathResource with Class" classname="org.springframework.core.io.ResourceTests" time="0.003"/>
  <testcase name="4: FileSystemResource" classname="org.springframework.core.io.ResourceTests" time="0.002"/>
  <testcase name="5: FileSystemResource with File" classname="org.springframework.core.io.ResourceTests" time="0.001"/>
  <testcase name="6: FileSystemResource with File path" classname="org.springframework.core.io.ResourceTests" time="0.001"/>
  <testcase name="7: UrlResource" classname="org.springframework.core.io.ResourceTests" time="0.001"/>
  <testcase name="1: ClassPathResource" classname="org.springframework.core.io.ResourceTests" time="0.001"/>
  <testcase name="2: ClassPathResource with ClassLoader" classname="org.springframework.core.io.ResourceTests" time="0.001"/>
  <testcase name="3: ClassPathResource with Class" classname="org.springframework.core.io.ResourceTests" time="0.001"/>
  <testcase name="4: FileSystemResource" classname="org.springframework.core.io.ResourceTests" time="0.001"/>
  <testcase name="5: FileSystemResource with File" classname="org.springframework.core.io.ResourceTests" time="0.002"/>
  <testcase name="6: FileSystemResource with File path" classname="org.springframework.core.io.ResourceTests" time="0.002"/>
  <testcase name="7: UrlResource" classname="org.springframework.core.io.ResourceTests" time="0.002"/>
  <system-out><![CDATA[]]></system-out>
  <system-err><![CDATA[]]></system-err>
</testsuite>
