<?xml version="1.0" encoding="UTF-8"?>
<testsuite name="org.springframework.core.io.ResourceTests$FileSystemResourceTests" tests="6" skipped="0" failures="0" errors="0" timestamp="2022-10-24T19:45:15" hostname="DESKTOP-BJO6DTA" time="0.008">
  <properties/>
  <testcase name="sameResourceIsEqual()" classname="org.springframework.core.io.ResourceTests$FileSystemResourceTests" time="0.001"/>
  <testcase name="readableChannelProvidesContent()" classname="org.springframework.core.io.ResourceTests$FileSystemResourceTests" time="0.001"/>
  <testcase name="sameResourceFromFileIsEqual()" classname="org.springframework.core.io.ResourceTests$FileSystemResourceTests" time="0.001"/>
  <testcase name="sameResourceFromDotPathIsEqual()" classname="org.springframework.core.io.ResourceTests$FileSystemResourceTests" time="0.001"/>
  <testcase name="sameResourceFromFilePathIsEqual()" classname="org.springframework.core.io.ResourceTests$FileSystemResourceTests" time="0.001"/>
  <testcase name="relativeResourcesAreEqual()" classname="org.springframework.core.io.ResourceTests$FileSystemResourceTests" time="0.001"/>
  <system-out><![CDATA[]]></system-out>
  <system-err><![CDATA[]]></system-err>
</testsuite>
