<?xml version="1.0" encoding="UTF-8"?>
<testsuite name="org.springframework.core.io.ResourceTests$AbstractResourceTests" tests="2" skipped="0" failures="0" errors="0" timestamp="2022-10-24T19:45:14" hostname="DESKTOP-BJO6DTA" time="0.009">
  <properties/>
  <testcase name="missingResourceIsNotReadable()" classname="org.springframework.core.io.ResourceTests$AbstractResourceTests" time="0.005"/>
  <testcase name="hasContentLength()" classname="org.springframework.core.io.ResourceTests$AbstractResourceTests" time="0.003"/>
  <system-out><![CDATA[]]></system-out>
  <system-err><![CDATA[]]></system-err>
</testsuite>
