<?xml version="1.0" encoding="UTF-8"?>
<testsuite name="org.springframework.core.io.ResourceTests$UrlResourceTests" tests="7" skipped="0" failures="0" errors="0" timestamp="2022-10-24T19:45:15" hostname="DESKTOP-BJO6DTA" time="0.152">
  <properties/>
  <testcase name="canCustomizeHttpUrlConnectionForExists()" classname="org.springframework.core.io.ResourceTests$UrlResourceTests" time="0.11"/>
  <testcase name="missingRemoteResourceDoesNotExist()" classname="org.springframework.core.io.ResourceTests$UrlResourceTests" time="0.006"/>
  <testcase name="canCustomizeHttpUrlConnectionForRead()" classname="org.springframework.core.io.ResourceTests$UrlResourceTests" time="0.02"/>
  <testcase name="sameResourceWithRelativePathIsEqual()" classname="org.springframework.core.io.ResourceTests$UrlResourceTests" time="0.001"/>
  <testcase name="remoteResourceExists()" classname="org.springframework.core.io.ResourceTests$UrlResourceTests" time="0.008"/>
  <testcase name="relativeResourcesAreEqual()" classname="org.springframework.core.io.ResourceTests$UrlResourceTests" time="0.0"/>
  <testcase name="filenameIsExtractedFromFilePath()" classname="org.springframework.core.io.ResourceTests$UrlResourceTests" time="0.001"/>
  <system-out><![CDATA[]]></system-out>
  <system-err><![CDATA[十月 25, 2022 3:45:15 上午 okhttp3.mockwebserver.MockWebServer$3 execute
信息: MockWebServer[58565] starting to accept connections
十月 25, 2022 3:45:15 上午 okhttp3.mockwebserver.MockWebServer$4 processOneRequest
信息: MockWebServer[58565] received request: HEAD /resource HTTP/1.1 and responded: HTTP/1.1 200 OK
十月 25, 2022 3:45:15 上午 okhttp3.mockwebserver.MockWebServer$3 acceptConnections
信息: MockWebServer[58565] done accepting connections: socket closed
十月 25, 2022 3:45:15 上午 okhttp3.mockwebserver.MockWebServer$3 execute
信息: MockWebServer[58567] starting to accept connections
十月 25, 2022 3:45:15 上午 okhttp3.mockwebserver.MockWebServer$4 processOneRequest
信息: MockWebServer[58567] received request: HEAD /missing HTTP/1.1 and responded: HTTP/1.1 404 Client Error
十月 25, 2022 3:45:15 上午 okhttp3.mockwebserver.MockWebServer$3 acceptConnections
信息: MockWebServer[58567] done accepting connections: socket closed
十月 25, 2022 3:45:15 上午 okhttp3.mockwebserver.MockWebServer$3 execute
信息: MockWebServer[58569] starting to accept connections
十月 25, 2022 3:45:15 上午 okhttp3.mockwebserver.MockWebServer$4 processOneRequest
信息: MockWebServer[58569] received request: GET /resource HTTP/1.1 and responded: HTTP/1.1 200 OK
十月 25, 2022 3:45:15 上午 okhttp3.mockwebserver.MockWebServer$3 acceptConnections
信息: MockWebServer[58569] done accepting connections: socket closed
十月 25, 2022 3:45:15 上午 okhttp3.mockwebserver.MockWebServer$3 execute
信息: MockWebServer[58571] starting to accept connections
十月 25, 2022 3:45:15 上午 okhttp3.mockwebserver.MockWebServer$4 processOneRequest
信息: MockWebServer[58571] received request: HEAD /resource HTTP/1.1 and responded: HTTP/1.1 200 OK
十月 25, 2022 3:45:15 上午 okhttp3.mockwebserver.MockWebServer$4 processOneRequest
信息: MockWebServer[58571] received request: HEAD /resource HTTP/1.1 and responded: HTTP/1.1 200 OK
十月 25, 2022 3:45:15 上午 okhttp3.mockwebserver.MockWebServer$3 acceptConnections
信息: MockWebServer[58571] done accepting connections: socket closed
]]></system-err>
</testsuite>
