<?xml version="1.0" encoding="UTF-8"?>
<testsuite name="org.springframework.core.io.ResourceTests$InputStreamResourceTests" tests="3" skipped="0" failures="0" errors="0" timestamp="2022-10-24T19:45:15" hostname="DESKTOP-BJO6DTA" time="0.004">
  <properties/>
  <testcase name="hasDescription()" classname="org.springframework.core.io.ResourceTests$InputStreamResourceTests" time="0.001"/>
  <testcase name="hasContent()" classname="org.springframework.core.io.ResourceTests$InputStreamResourceTests" time="0.002"/>
  <testcase name="isOpen()" classname="org.springframework.core.io.ResourceTests$InputStreamResourceTests" time="0.0"/>
  <system-out><![CDATA[]]></system-out>
  <system-err><![CDATA[]]></system-err>
</testsuite>
